19:24:01.787 ORIGIN(00001) MotionSnet::DoHoming : origin_start: ax(0), stepSize(3)
19:24:01.788 ORIGIN(00200) MotionSnet::DoHoming : sensor_status: ax(0), (-)limit(0), (+)limit(0), sens_home(0), sv_on(1), comm(0)
19:24:01.788 ORIGIN(00002) MotionSnet::DoHoming : step_entry: ax(0), step(0)
19:24:01.810 ORIGIN(00003) MotionSnet::DoHoming : move_io: ax(0), vel(2000), acc(100), dir(-1), port(0), point(18), area(1), edge(1), cur_pos(0)
19:24:05.370 ORIGIN(00004) MotionSnet::DoHoming : motion_done: ax(0), cur_pos(-115115)
19:24:05.923 ORIGIN(00200) MotionSnet::DoHoming : sensor_status: ax(0), (-)limit(0), (+)limit(0), sens_home(1), sv_on(1), comm(0)
19:24:05.923 ORIGIN(00100) MotionSnet::DoHoming : origin_event: ax(0), step(0), event(0), cur_pos(-115201)
19:24:05.935 ORIGIN(00002) MotionSnet::DoHoming : step_entry: ax(0), step(1)
19:24:05.957 ORIGIN(00003) MotionSnet::DoHoming : move_io: ax(0), vel(1000), acc(100), dir(1), port(0), point(18), area(1), edge(0), cur_pos(0)
19:24:06.783 ORIGIN(00004) MotionSnet::DoHoming : motion_done: ax(0), cur_pos(11972)
19:24:07.338 ORIGIN(00200) MotionSnet::DoHoming : sensor_status: ax(0), (-)limit(0), (+)limit(0), sens_home(0), sv_on(1), comm(0)
19:24:07.338 ORIGIN(00100) MotionSnet::DoHoming : origin_event: ax(0), step(1), event(0), cur_pos(11987)
19:24:07.349 ORIGIN(00002) MotionSnet::DoHoming : step_entry: ax(0), step(2)
19:24:07.371 ORIGIN(00003) MotionSnet::DoHoming : move_io: ax(0), vel(1000), acc(100), dir(1), port(-858993460), point(-858993460), area(15), edge(0), cur_pos(-1)
19:24:08.055 ORIGIN(00004) MotionSnet::DoHoming : motion_done: ax(0), cur_pos(9339)
19:24:08.608 ORIGIN(00200) MotionSnet::DoHoming : sensor_status: ax(0), (-)limit(0), (+)limit(0), sens_home(0), sv_on(1), comm(0)
19:24:08.608 ORIGIN(00100) MotionSnet::DoHoming : origin_event: ax(0), step(2), event(0), cur_pos(9366)
19:24:08.620 ORIGIN(00005) MotionSnet::DoHoming : use_z setting value: ax(0), offset(5000), setTime(500)
19:24:08.620 ORIGIN(00006) MotionSnet::DoHoming : about z_cature: ax(0), pos_mov(13215), pos_cur(9366), pos_z_cur_offset(1151), pos_z(8215)
19:24:08.632 ORIGIN(00110) MotionSnet::DoHoming : before_zero_offset_move: ax(0), vel(1000), acc(100), dec(100), jerk(66), cur_pos(9366), target_pos(13215)
19:24:08.632 ORIGIN(00007) MotionSnet::DoHoming : move_zero_offset: ax(0), offset(5000), setTime(500)
19:24:08.979 ORIGIN(00008) MotionSnet::DoHoming : motion_done_zero_offset: ax(0), cur_pos(13195)
19:24:08.979 ORIGIN(00200) MotionSnet::DoHoming : sensor_status: ax(0), (-)limit(0), (+)limit(0), sens_home(0), sv_on(1), comm(0)
19:24:08.980 ORIGIN(00100) MotionSnet::DoHoming : origin_event: ax(0), step(2), event(0), cur_pos(13197)
19:24:09.533 ORIGIN(00111) MotionSnet::DoHoming : after_zero_offset_move: ax(0), cur_pos(9366)
19:24:09.544 ORIGIN(00009) MotionSnet::DoHoming : after_set_home_zero: ax(0), cur_pos(0)
19:24:09.544 ORIGIN(00010) MotionSnet::DoHoming : origin_end: ax(0), step_size(3), cur_step(2), evnet(0), cur_pos(0)
// 기운센 천하장사
// 기억의 습작 .... 